<?xml version="1.0" encoding="UTF-8"?>
<!-- Generated by org.testng.reporters.JUnitXMLReporter -->
<testsuite hostname="Dell" ignored="0" name="Test" tests="3" failures="0" timestamp="14 Sep 2018 17:09:17 GMT" time="54.538" errors="0">
  <testcase name="googleLogin" time="9.097" classname="gmailPack.gmailLoginTestTest"/>
  <testcase name="gmaillLgin" time="15.93" classname="gmailPack.gmailLoginTestTest"/>
  <testcase name="gmaillLgin" time="17.623" classname="gmailPack.gmailLoginTestTest"/>
</testsuite> <!-- Test -->
